[master ff796b7] committed on 2024-09-01 17:38:02
 2 files changed, 4 insertions(+), 1 deletion(-)
 create mode 100644 gitpush.log
git@github.com: Permission denied (publickey).
fatal: Could not read from remote repository.

Please make sure you have the correct access rights
and the repository exists.
/bin/sh: line 1: root: command not found
[master 2b78b15] committed on 2024-09-01 17:48:02
 1 file changed, 9 insertions(+)
git@github.com: Permission denied (publickey).
fatal: Could not read from remote repository.

Please make sure you have the correct access rights
and the repository exists.
[master 50381ba] committed on 2024-09-01 17:51:01
 1 file changed, 7 insertions(+)
git@github.com: Permission denied (publickey).
fatal: Could not read from remote repository.

Please make sure you have the correct access rights
and the repository exists.
On branch master
Your branch is ahead of 'origin/master' by 5 commits.
  (use "git push" to publish your local commits)

nothing to commit, working tree clean
To github.com:KishoreKarnam/cgeditdemo.git
   9937cb7..afc6dca  master -> master
[master f27c7d4] committed on 2024-09-01 18:16:01
 2 files changed, 8 insertions(+), 1 deletion(-)
To github.com:KishoreKarnam/cgeditdemo.git
   afc6dca..f27c7d4  master -> master
